<?xml version="1.0" encoding="UTF-8"?>
<testsuite name="TicTacToeTest" tests="1" skipped="0" failures="0" errors="0" timestamp="2023-04-14T04:10:53" hostname="MBPdeHerlander.home" time="0.214">
  <properties/>
  <testcase name="start" classname="TicTacToeTest" time="0.214"/>
  <system-out><![CDATA[?[1;31m
Start test 1?[0m
X O X
O X O
X X O
]]></system-out>
  <system-err><![CDATA[]]></system-err>
</testsuite>
